<?xml version="1.0" encoding="UTF-8"?>
<!-- Generated by org.testng.reporters.JUnitReportReporter -->
<testsuite hostname="MIIND51N15S2" failures="0" tests="1" name="com.qa.keyword1.tests.LoginTest" time="29.830" errors="0" timestamp="09 Mar 2022 10:41:46 GMT" skipped="0">
  <testcase classname="com.qa.keyword1.tests.LoginTest" name="loginTest" time="29.830"/>
</testsuite> <!-- com.qa.keyword1.tests.LoginTest -->
