<?xml version="1.0" encoding="UTF-8"?>
<!-- Generated by org.testng.reporters.JUnitReportReporter -->
<testsuite hostname="MIIND51N15S2" failures="0" tests="1" name="com.qa.keyword1.tests.LoginTest" time="34.414" errors="0" timestamp="09 Mar 2022 17:19:59 GMT" skipped="0">
  <testcase classname="com.qa.keyword1.tests.LoginTest" name="loginTest" time="34.414"/>
</testsuite> <!-- com.qa.keyword1.tests.LoginTest -->
